<?xml version="1.0" encoding="utf-8"?>
<TestRun id="882301e0-4955-42c9-9ae6-2e2b4b12ea99" name="@fv-az292-658 2022-10-02 04:40:21" xmlns="http://microsoft.com/schemas/VisualStudio/TeamTest/2010">
  <Times creation="2022-10-02T04:40:21.7275924+00:00" queuing="2022-10-02T04:40:21.7275926+00:00" start="2022-10-02T04:40:17.4928552+00:00" finish="2022-10-02T04:40:36.2829962+00:00" />
  <TestSettings name="default" id="9e30df45-f164-4265-9404-6328662979e1">
    <Deployment runDeploymentRoot="_fv-az292-658_2022-10-02_04_40_21" />
  </TestSettings>
  <Results>
    <UnitTestResult executionId="3f495c11-998c-4e68-bd71-84cf9730ad8c" testId="5a5686b8-70ca-908d-6319-ccbc93c9d40f" testName="AirportCodeLookUp(&quot;SFO&quot;,&quot;San Francisco&quot;,null)" computerName="fv-az292-658" duration="00:00:01.7992740" startTime="2022-10-02T04:40:27.6676716+00:00" endTime="2022-10-02T04:40:29.4669453+00:00" testType="13cdc9d9-ddb5-4fa4-a97d-d965ccfc6d4b" outcome="Passed" testListId="8c84fa94-04c1-424b-9868-57a2d4851a1d" relativeResultsDirectory="3f495c11-998c-4e68-bd71-84cf9730ad8c">
      <Output>
        <StdOut>Given I navigate to the Bing search home page
-&gt; done: AirportLookUpStepDefinitions.GivenIAmOnTheBingSearchHomePage() (0.7s)
When I enter iata:"SFO" as search term
-&gt; done: AirportLookUpStepDefinitions.WhenIEnterIataAsSearchTerm("SFO") (0.1s)
And I click on the search the web button
-&gt; done: AirportLookUpStepDefinitions.WhenIClickOnTheSearchTheWebButton() (0.6s)
Then I should get a page cotaining the term "San Francisco"
-&gt; done: AirportLookUpStepDefinitions.ThenIShouldGetAPageCotainingTheTerm("San Francisco") (0.4s)</StdOut>
      </Output>
    </UnitTestResult>
    <UnitTestResult executionId="07da29a6-bd7f-46ff-801c-940f23d4b8ce" testId="9069b052-7bc6-6a22-8824-16c670bdd9ec" testName="AirportCodeLookUp(&quot;LAX&quot;,&quot;Los Angeles&quot;,null)" computerName="fv-az292-658" duration="00:00:01.9045020" startTime="2022-10-02T04:40:25.7631083+00:00" endTime="2022-10-02T04:40:27.6676107+00:00" testType="13cdc9d9-ddb5-4fa4-a97d-d965ccfc6d4b" outcome="Passed" testListId="8c84fa94-04c1-424b-9868-57a2d4851a1d" relativeResultsDirectory="07da29a6-bd7f-46ff-801c-940f23d4b8ce">
      <Output>
        <StdOut>Given I navigate to the Bing search home page
-&gt; done: AirportLookUpStepDefinitions.GivenIAmOnTheBingSearchHomePage() (0.7s)
When I enter iata:"LAX" as search term
-&gt; done: AirportLookUpStepDefinitions.WhenIEnterIataAsSearchTerm("LAX") (0.1s)
And I click on the search the web button
-&gt; done: AirportLookUpStepDefinitions.WhenIClickOnTheSearchTheWebButton() (0.8s)
Then I should get a page cotaining the term "Los Angeles"
-&gt; done: AirportLookUpStepDefinitions.ThenIShouldGetAPageCotainingTheTerm("Los Angeles") (0.2s)</StdOut>
      </Output>
    </UnitTestResult>
    <UnitTestResult executionId="f92aedb7-a3fb-4659-83cb-62a3eb4914ef" testId="bf4e9262-e94b-9725-c172-6e6dfa87d1ac" testName="AirportCodeLookUp(&quot;ATL&quot;,&quot;Atlanta&quot;,null)" computerName="fv-az292-658" duration="00:00:02.9383499" startTime="2022-10-02T04:40:18.6978393+00:00" endTime="2022-10-02T04:40:21.6360538+00:00" testType="13cdc9d9-ddb5-4fa4-a97d-d965ccfc6d4b" outcome="Passed" testListId="8c84fa94-04c1-424b-9868-57a2d4851a1d" relativeResultsDirectory="f92aedb7-a3fb-4659-83cb-62a3eb4914ef">
      <Output>
        <StdOut>Given I navigate to the Bing search home page
-&gt; done: AirportLookUpStepDefinitions.GivenIAmOnTheBingSearchHomePage() (0.9s)
When I enter iata:"ATL" as search term
-&gt; done: AirportLookUpStepDefinitions.WhenIEnterIataAsSearchTerm("ATL") (0.2s)
And I click on the search the web button
-&gt; done: AirportLookUpStepDefinitions.WhenIClickOnTheSearchTheWebButton() (1.4s)
Then I should get a page cotaining the term "Atlanta"
-&gt; done: AirportLookUpStepDefinitions.ThenIShouldGetAPageCotainingTheTerm("Atlanta") (0.3s)</StdOut>
      </Output>
    </UnitTestResult>
    <UnitTestResult executionId="56d9f31f-807d-4029-a26c-481756064b27" testId="2271e242-1ea5-4958-a77c-5b8553072a50" testName="LookUpAUSZIPCode" computerName="fv-az292-658" duration="00:00:03.4345310" startTime="2022-10-02T04:40:30.9104260+00:00" endTime="2022-10-02T04:40:34.3449564+00:00" testType="13cdc9d9-ddb5-4fa4-a97d-d965ccfc6d4b" outcome="Passed" testListId="8c84fa94-04c1-424b-9868-57a2d4851a1d" relativeResultsDirectory="56d9f31f-807d-4029-a26c-481756064b27">
      <Output>
        <StdOut>Given I navigate to the USPS Look Up a ZIP Code page
-&gt; done: ZipCodeLookUpStepDefinitions.GivenINavigateToTheUSPSLookUpAZIPCodePage() (2.7s)
And I enter City and State
  --- table step argument ---
  | City          | State |
  | Beverly Hills | CA    |
-&gt; done: ZipCodeLookUpStepDefinitions.GivenIEnterTheFollowingCityAndState(&lt;table&gt;) (0.2s)
And I click the the Find button
-&gt; done: ZipCodeLookUpStepDefinitions.GivenIClickTheTheFindButton() (0.1s)
Then I sould get a page containing the selector BEVERLY HILLS CA 90210
-&gt; done: ZipCodeLookUpStepDefinitions.ThenISouldGetAPageContainingBEVERLYHILLSCA() (0.4s)</StdOut>
      </Output>
    </UnitTestResult>
    <UnitTestResult executionId="ade7322f-c366-4940-9c56-496cdcf8a115" testId="6438fef0-c448-3bda-c480-1b4b5c6debca" testName="GetStartedWithPlaywright" computerName="fv-az292-658" duration="00:00:01.4409850" startTime="2022-10-02T04:40:29.4693956+00:00" endTime="2022-10-02T04:40:30.9103805+00:00" testType="13cdc9d9-ddb5-4fa4-a97d-d965ccfc6d4b" outcome="Passed" testListId="8c84fa94-04c1-424b-9868-57a2d4851a1d" relativeResultsDirectory="ade7322f-c366-4940-9c56-496cdcf8a115">
      <Output>
        <StdOut>Given I navigate to the Playwright home page
-&gt; done: GetStartedWithPlaywrightStepDefinitions.GivenINavigateToThePlaywrightHomePage() (1.0s)
When I click on the GET STARTED button
-&gt; done: GetStartedWithPlaywrightStepDefinitions.WhenIClickOnTheGETSTARTEDButton() (0.2s)
Then I expect the URL to contain intro
-&gt; done: GetStartedWithPlaywrightStepDefinitions.ThenIExpectTheURLToContainIntro() (0.3s)</StdOut>
      </Output>
    </UnitTestResult>
    <UnitTestResult executionId="8b6bb025-b9fc-4417-97b7-b4efc40ac85e" testId="7d2b636c-f391-f09b-e769-8385ad445aee" testName="AirportCodeLookUp(&quot;DFW&quot;,&quot;Dallas&quot;,null)" computerName="fv-az292-658" duration="00:00:02.1302249" startTime="2022-10-02T04:40:21.6384229+00:00" endTime="2022-10-02T04:40:23.7686484+00:00" testType="13cdc9d9-ddb5-4fa4-a97d-d965ccfc6d4b" outcome="Passed" testListId="8c84fa94-04c1-424b-9868-57a2d4851a1d" relativeResultsDirectory="8b6bb025-b9fc-4417-97b7-b4efc40ac85e">
      <Output>
        <StdOut>Given I navigate to the Bing search home page
-&gt; done: AirportLookUpStepDefinitions.GivenIAmOnTheBingSearchHomePage() (0.8s)
When I enter iata:"DFW" as search term
-&gt; done: AirportLookUpStepDefinitions.WhenIEnterIataAsSearchTerm("DFW") (0.1s)
And I click on the search the web button
-&gt; done: AirportLookUpStepDefinitions.WhenIClickOnTheSearchTheWebButton() (1.0s)
Then I should get a page cotaining the term "Dallas"
-&gt; done: AirportLookUpStepDefinitions.ThenIShouldGetAPageCotainingTheTerm("Dallas") (0.2s)</StdOut>
      </Output>
    </UnitTestResult>
    <UnitTestResult executionId="a4542bde-e02d-489c-a276-dd13c22ec346" testId="f96f6086-6102-b826-4030-f57ea690d107" testName="AirportCodeLookUp(&quot;DEN&quot;,&quot;Denver&quot;,null)" computerName="fv-az292-658" duration="00:00:01.9917310" startTime="2022-10-02T04:40:23.7687680+00:00" endTime="2022-10-02T04:40:25.7604991+00:00" testType="13cdc9d9-ddb5-4fa4-a97d-d965ccfc6d4b" outcome="Passed" testListId="8c84fa94-04c1-424b-9868-57a2d4851a1d" relativeResultsDirectory="a4542bde-e02d-489c-a276-dd13c22ec346">
      <Output>
        <StdOut>Given I navigate to the Bing search home page
-&gt; done: AirportLookUpStepDefinitions.GivenIAmOnTheBingSearchHomePage() (0.8s)
When I enter iata:"DEN" as search term
-&gt; done: AirportLookUpStepDefinitions.WhenIEnterIataAsSearchTerm("DEN") (0.1s)
And I click on the search the web button
-&gt; done: AirportLookUpStepDefinitions.WhenIClickOnTheSearchTheWebButton() (0.8s)
Then I should get a page cotaining the term "Denver"
-&gt; done: AirportLookUpStepDefinitions.ThenIShouldGetAPageCotainingTheTerm("Denver") (0.3s)</StdOut>
      </Output>
    </UnitTestResult>
  </Results>
  <TestDefinitions>
    <UnitTest name="AirportCodeLookUp(&quot;SFO&quot;,&quot;San Francisco&quot;,null)" storage="/home/runner/work/playwrightdemodotnetspecflow/playwrightdemodotnetspecflow/playwrightdemodotnetspecflow/bin/debug/net6.0/playwrightdemodotnetspecflow.dll" id="5a5686b8-70ca-908d-6319-ccbc93c9d40f">
      <Execution id="3f495c11-998c-4e68-bd71-84cf9730ad8c" />
      <TestMethod codeBase="/home/runner/work/PlaywrightDemoDotnetSpecflow/PlaywrightDemoDotnetSpecflow/PlaywrightDemoDotnetSpecflow/bin/Debug/net6.0/PlaywrightDemoDotnetSpecflow.dll" adapterTypeName="executor://nunit3testexecutor/" className="PlaywrightDemoDotnetSpecflow.Features.ExamplesFeature" name="AirportCodeLookUp(&quot;SFO&quot;,&quot;San Francisco&quot;,null)" />
    </UnitTest>
    <UnitTest name="AirportCodeLookUp(&quot;DFW&quot;,&quot;Dallas&quot;,null)" storage="/home/runner/work/playwrightdemodotnetspecflow/playwrightdemodotnetspecflow/playwrightdemodotnetspecflow/bin/debug/net6.0/playwrightdemodotnetspecflow.dll" id="7d2b636c-f391-f09b-e769-8385ad445aee">
      <Execution id="8b6bb025-b9fc-4417-97b7-b4efc40ac85e" />
      <TestMethod codeBase="/home/runner/work/PlaywrightDemoDotnetSpecflow/PlaywrightDemoDotnetSpecflow/PlaywrightDemoDotnetSpecflow/bin/Debug/net6.0/PlaywrightDemoDotnetSpecflow.dll" adapterTypeName="executor://nunit3testexecutor/" className="PlaywrightDemoDotnetSpecflow.Features.ExamplesFeature" name="AirportCodeLookUp(&quot;DFW&quot;,&quot;Dallas&quot;,null)" />
    </UnitTest>
    <UnitTest name="AirportCodeLookUp(&quot;ATL&quot;,&quot;Atlanta&quot;,null)" storage="/home/runner/work/playwrightdemodotnetspecflow/playwrightdemodotnetspecflow/playwrightdemodotnetspecflow/bin/debug/net6.0/playwrightdemodotnetspecflow.dll" id="bf4e9262-e94b-9725-c172-6e6dfa87d1ac">
      <Execution id="f92aedb7-a3fb-4659-83cb-62a3eb4914ef" />
      <TestMethod codeBase="/home/runner/work/PlaywrightDemoDotnetSpecflow/PlaywrightDemoDotnetSpecflow/PlaywrightDemoDotnetSpecflow/bin/Debug/net6.0/PlaywrightDemoDotnetSpecflow.dll" adapterTypeName="executor://nunit3testexecutor/" className="PlaywrightDemoDotnetSpecflow.Features.ExamplesFeature" name="AirportCodeLookUp(&quot;ATL&quot;,&quot;Atlanta&quot;,null)" />
    </UnitTest>
    <UnitTest name="LookUpAUSZIPCode" storage="/home/runner/work/playwrightdemodotnetspecflow/playwrightdemodotnetspecflow/playwrightdemodotnetspecflow/bin/debug/net6.0/playwrightdemodotnetspecflow.dll" id="2271e242-1ea5-4958-a77c-5b8553072a50">
      <Execution id="56d9f31f-807d-4029-a26c-481756064b27" />
      <TestMethod codeBase="/home/runner/work/PlaywrightDemoDotnetSpecflow/PlaywrightDemoDotnetSpecflow/PlaywrightDemoDotnetSpecflow/bin/Debug/net6.0/PlaywrightDemoDotnetSpecflow.dll" adapterTypeName="executor://nunit3testexecutor/" className="PlaywrightDemoDotnetSpecflow.Features.ExamplesFeature" name="LookUpAUSZIPCode" />
    </UnitTest>
    <UnitTest name="GetStartedWithPlaywright" storage="/home/runner/work/playwrightdemodotnetspecflow/playwrightdemodotnetspecflow/playwrightdemodotnetspecflow/bin/debug/net6.0/playwrightdemodotnetspecflow.dll" id="6438fef0-c448-3bda-c480-1b4b5c6debca">
      <Execution id="ade7322f-c366-4940-9c56-496cdcf8a115" />
      <TestMethod codeBase="/home/runner/work/PlaywrightDemoDotnetSpecflow/PlaywrightDemoDotnetSpecflow/PlaywrightDemoDotnetSpecflow/bin/Debug/net6.0/PlaywrightDemoDotnetSpecflow.dll" adapterTypeName="executor://nunit3testexecutor/" className="PlaywrightDemoDotnetSpecflow.Features.ExamplesFeature" name="GetStartedWithPlaywright" />
    </UnitTest>
    <UnitTest name="AirportCodeLookUp(&quot;LAX&quot;,&quot;Los Angeles&quot;,null)" storage="/home/runner/work/playwrightdemodotnetspecflow/playwrightdemodotnetspecflow/playwrightdemodotnetspecflow/bin/debug/net6.0/playwrightdemodotnetspecflow.dll" id="9069b052-7bc6-6a22-8824-16c670bdd9ec">
      <Execution id="07da29a6-bd7f-46ff-801c-940f23d4b8ce" />
      <TestMethod codeBase="/home/runner/work/PlaywrightDemoDotnetSpecflow/PlaywrightDemoDotnetSpecflow/PlaywrightDemoDotnetSpecflow/bin/Debug/net6.0/PlaywrightDemoDotnetSpecflow.dll" adapterTypeName="executor://nunit3testexecutor/" className="PlaywrightDemoDotnetSpecflow.Features.ExamplesFeature" name="AirportCodeLookUp(&quot;LAX&quot;,&quot;Los Angeles&quot;,null)" />
    </UnitTest>
    <UnitTest name="AirportCodeLookUp(&quot;DEN&quot;,&quot;Denver&quot;,null)" storage="/home/runner/work/playwrightdemodotnetspecflow/playwrightdemodotnetspecflow/playwrightdemodotnetspecflow/bin/debug/net6.0/playwrightdemodotnetspecflow.dll" id="f96f6086-6102-b826-4030-f57ea690d107">
      <Execution id="a4542bde-e02d-489c-a276-dd13c22ec346" />
      <TestMethod codeBase="/home/runner/work/PlaywrightDemoDotnetSpecflow/PlaywrightDemoDotnetSpecflow/PlaywrightDemoDotnetSpecflow/bin/Debug/net6.0/PlaywrightDemoDotnetSpecflow.dll" adapterTypeName="executor://nunit3testexecutor/" className="PlaywrightDemoDotnetSpecflow.Features.ExamplesFeature" name="AirportCodeLookUp(&quot;DEN&quot;,&quot;Denver&quot;,null)" />
    </UnitTest>
  </TestDefinitions>
  <TestEntries>
    <TestEntry testId="5a5686b8-70ca-908d-6319-ccbc93c9d40f" executionId="3f495c11-998c-4e68-bd71-84cf9730ad8c" testListId="8c84fa94-04c1-424b-9868-57a2d4851a1d" />
    <TestEntry testId="9069b052-7bc6-6a22-8824-16c670bdd9ec" executionId="07da29a6-bd7f-46ff-801c-940f23d4b8ce" testListId="8c84fa94-04c1-424b-9868-57a2d4851a1d" />
    <TestEntry testId="bf4e9262-e94b-9725-c172-6e6dfa87d1ac" executionId="f92aedb7-a3fb-4659-83cb-62a3eb4914ef" testListId="8c84fa94-04c1-424b-9868-57a2d4851a1d" />
    <TestEntry testId="2271e242-1ea5-4958-a77c-5b8553072a50" executionId="56d9f31f-807d-4029-a26c-481756064b27" testListId="8c84fa94-04c1-424b-9868-57a2d4851a1d" />
    <TestEntry testId="6438fef0-c448-3bda-c480-1b4b5c6debca" executionId="ade7322f-c366-4940-9c56-496cdcf8a115" testListId="8c84fa94-04c1-424b-9868-57a2d4851a1d" />
    <TestEntry testId="7d2b636c-f391-f09b-e769-8385ad445aee" executionId="8b6bb025-b9fc-4417-97b7-b4efc40ac85e" testListId="8c84fa94-04c1-424b-9868-57a2d4851a1d" />
    <TestEntry testId="f96f6086-6102-b826-4030-f57ea690d107" executionId="a4542bde-e02d-489c-a276-dd13c22ec346" testListId="8c84fa94-04c1-424b-9868-57a2d4851a1d" />
  </TestEntries>
  <TestLists>
    <TestList name="Results Not in a List" id="8c84fa94-04c1-424b-9868-57a2d4851a1d" />
    <TestList name="All Loaded Results" id="19431567-8539-422a-85d7-44ee4e166bda" />
  </TestLists>
  <ResultSummary outcome="Completed">
    <Counters total="7" executed="7" passed="7" failed="0" error="0" timeout="0" aborted="0" inconclusive="0" passedButRunAborted="0" notRunnable="0" notExecuted="0" disconnected="0" warning="0" completed="0" inProgress="0" pending="0" />
    <Output>
      <StdOut>NUnit Adapter 4.1.0.0: Test execution started
Running all tests in /home/runner/work/PlaywrightDemoDotnetSpecflow/PlaywrightDemoDotnetSpecflow/PlaywrightDemoDotnetSpecflow/bin/Debug/net6.0/PlaywrightDemoDotnetSpecflow.dll
   NUnit3TestExecutor discovered 7 of 7 NUnit test cases using Current Discovery mode, Non-Explicit run
Given I navigate to the Bing search home page
-&gt; done: AirportLookUpStepDefinitions.GivenIAmOnTheBingSearchHomePage() (0.9s)
When I enter iata:"ATL" as search term
-&gt; done: AirportLookUpStepDefinitions.WhenIEnterIataAsSearchTerm("ATL") (0.2s)
And I click on the search the web button
-&gt; done: AirportLookUpStepDefinitions.WhenIClickOnTheSearchTheWebButton() (1.4s)
Then I should get a page cotaining the term "Atlanta"
-&gt; done: AirportLookUpStepDefinitions.ThenIShouldGetAPageCotainingTheTerm("Atlanta") (0.3s)

Given I navigate to the Bing search home page
-&gt; done: AirportLookUpStepDefinitions.GivenIAmOnTheBingSearchHomePage() (0.8s)
When I enter iata:"DFW" as search term
-&gt; done: AirportLookUpStepDefinitions.WhenIEnterIataAsSearchTerm("DFW") (0.1s)
And I click on the search the web button
-&gt; done: AirportLookUpStepDefinitions.WhenIClickOnTheSearchTheWebButton() (1.0s)
Then I should get a page cotaining the term "Dallas"
-&gt; done: AirportLookUpStepDefinitions.ThenIShouldGetAPageCotainingTheTerm("Dallas") (0.2s)

Given I navigate to the Bing search home page
-&gt; done: AirportLookUpStepDefinitions.GivenIAmOnTheBingSearchHomePage() (0.8s)
When I enter iata:"DEN" as search term
-&gt; done: AirportLookUpStepDefinitions.WhenIEnterIataAsSearchTerm("DEN") (0.1s)
And I click on the search the web button
-&gt; done: AirportLookUpStepDefinitions.WhenIClickOnTheSearchTheWebButton() (0.8s)
Then I should get a page cotaining the term "Denver"
-&gt; done: AirportLookUpStepDefinitions.ThenIShouldGetAPageCotainingTheTerm("Denver") (0.3s)

Given I navigate to the Bing search home page
-&gt; done: AirportLookUpStepDefinitions.GivenIAmOnTheBingSearchHomePage() (0.7s)
When I enter iata:"LAX" as search term
-&gt; done: AirportLookUpStepDefinitions.WhenIEnterIataAsSearchTerm("LAX") (0.1s)
And I click on the search the web button
-&gt; done: AirportLookUpStepDefinitions.WhenIClickOnTheSearchTheWebButton() (0.8s)
Then I should get a page cotaining the term "Los Angeles"
-&gt; done: AirportLookUpStepDefinitions.ThenIShouldGetAPageCotainingTheTerm("Los Angeles") (0.2s)

Given I navigate to the Bing search home page
-&gt; done: AirportLookUpStepDefinitions.GivenIAmOnTheBingSearchHomePage() (0.7s)
When I enter iata:"SFO" as search term
-&gt; done: AirportLookUpStepDefinitions.WhenIEnterIataAsSearchTerm("SFO") (0.1s)
And I click on the search the web button
-&gt; done: AirportLookUpStepDefinitions.WhenIClickOnTheSearchTheWebButton() (0.6s)
Then I should get a page cotaining the term "San Francisco"
-&gt; done: AirportLookUpStepDefinitions.ThenIShouldGetAPageCotainingTheTerm("San Francisco") (0.4s)

Given I navigate to the Playwright home page
-&gt; done: GetStartedWithPlaywrightStepDefinitions.GivenINavigateToThePlaywrightHomePage() (1.0s)
When I click on the GET STARTED button
-&gt; done: GetStartedWithPlaywrightStepDefinitions.WhenIClickOnTheGETSTARTEDButton() (0.2s)
Then I expect the URL to contain intro
-&gt; done: GetStartedWithPlaywrightStepDefinitions.ThenIExpectTheURLToContainIntro() (0.3s)

Given I navigate to the USPS Look Up a ZIP Code page
-&gt; done: ZipCodeLookUpStepDefinitions.GivenINavigateToTheUSPSLookUpAZIPCodePage() (2.7s)
And I enter City and State
  --- table step argument ---
  | City          | State |
  | Beverly Hills | CA    |
-&gt; done: ZipCodeLookUpStepDefinitions.GivenIEnterTheFollowingCityAndState(&lt;table&gt;) (0.2s)
And I click the the Find button
-&gt; done: ZipCodeLookUpStepDefinitions.GivenIClickTheTheFindButton() (0.1s)
Then I sould get a page containing the selector BEVERLY HILLS CA 90210
-&gt; done: ZipCodeLookUpStepDefinitions.ThenISouldGetAPageContainingBEVERLYHILLSCA() (0.4s)

NUnit Adapter 4.1.0.0: Test execution complete
</StdOut>
    </Output>
  </ResultSummary>
</TestRun>